<?xml version="1.0" encoding="UTF-8"?>
<testsuite xmlns:xsi="http://www.w3.org/2001/XMLSchema-instance" xsi:noNamespaceSchemaLocation="https://maven.apache.org/surefire/maven-surefire-plugin/xsd/surefire-test-report.xsd" name="TestSuite" time="7.555" tests="1" errors="0" skipped="0" failures="0">
  <properties>
    <property name="java.specification.version" value="15"/>
    <property name="sun.cpu.isalist" value="amd64"/>
    <property name="sun.jnu.encoding" value="Cp1252"/>
    <property name="java.class.path" value="C:\Users\cyntexa\eclipse-workspace\WebdriverTest\target\test-classes;C:\Users\cyntexa\eclipse-workspace\WebdriverTest\target\classes;C:\Users\cyntexa\.m2\repository\junit\junit\3.8.1\junit-3.8.1.jar;C:\Users\cyntexa\.m2\repository\org\seleniumhq\selenium\selenium-java\2.45.0\selenium-java-2.45.0.jar;C:\Users\cyntexa\.m2\repository\org\seleniumhq\selenium\selenium-chrome-driver\2.45.0\selenium-chrome-driver-2.45.0.jar;C:\Users\cyntexa\.m2\repository\org\seleniumhq\selenium\selenium-remote-driver\2.45.0\selenium-remote-driver-2.45.0.jar;C:\Users\cyntexa\.m2\repository\cglib\cglib-nodep\2.1_3\cglib-nodep-2.1_3.jar;C:\Users\cyntexa\.m2\repository\com\google\code\gson\gson\2.3.1\gson-2.3.1.jar;C:\Users\cyntexa\.m2\repository\org\seleniumhq\selenium\selenium-api\2.45.0\selenium-api-2.45.0.jar;C:\Users\cyntexa\.m2\repository\com\google\guava\guava\18.0\guava-18.0.jar;C:\Users\cyntexa\.m2\repository\org\seleniumhq\selenium\selenium-htmlunit-driver\2.45.0\selenium-htmlunit-driver-2.45.0.jar;C:\Users\cyntexa\.m2\repository\net\sourceforge\htmlunit\htmlunit\2.15\htmlunit-2.15.jar;C:\Users\cyntexa\.m2\repository\xalan\xalan\2.7.1\xalan-2.7.1.jar;C:\Users\cyntexa\.m2\repository\xalan\serializer\2.7.1\serializer-2.7.1.jar;C:\Users\cyntexa\.m2\repository\commons-collections\commons-collections\3.2.1\commons-collections-3.2.1.jar;C:\Users\cyntexa\.m2\repository\org\apache\commons\commons-lang3\3.3.2\commons-lang3-3.3.2.jar;C:\Users\cyntexa\.m2\repository\org\apache\httpcomponents\httpmime\4.3.3\httpmime-4.3.3.jar;C:\Users\cyntexa\.m2\repository\commons-codec\commons-codec\1.9\commons-codec-1.9.jar;C:\Users\cyntexa\.m2\repository\net\sourceforge\htmlunit\htmlunit-core-js\2.15\htmlunit-core-js-2.15.jar;C:\Users\cyntexa\.m2\repository\xerces\xercesImpl\2.11.0\xercesImpl-2.11.0.jar;C:\Users\cyntexa\.m2\repository\xml-apis\xml-apis\1.4.01\xml-apis-1.4.01.jar;C:\Users\cyntexa\.m2\repository\net\sourceforge\nekohtml\nekohtml\1.9.21\nekohtml-1.9.21.jar;C:\Users\cyntexa\.m2\repository\net\sourceforge\cssparser\cssparser\0.9.14\cssparser-0.9.14.jar;C:\Users\cyntexa\.m2\repository\org\w3c\css\sac\1.3\sac-1.3.jar;C:\Users\cyntexa\.m2\repository\commons-logging\commons-logging\1.1.3\commons-logging-1.1.3.jar;C:\Users\cyntexa\.m2\repository\org\eclipse\jetty\jetty-websocket\8.1.15.v20140411\jetty-websocket-8.1.15.v20140411.jar;C:\Users\cyntexa\.m2\repository\org\eclipse\jetty\jetty-util\8.1.15.v20140411\jetty-util-8.1.15.v20140411.jar;C:\Users\cyntexa\.m2\repository\org\eclipse\jetty\jetty-io\8.1.15.v20140411\jetty-io-8.1.15.v20140411.jar;C:\Users\cyntexa\.m2\repository\org\eclipse\jetty\jetty-http\8.1.15.v20140411\jetty-http-8.1.15.v20140411.jar;C:\Users\cyntexa\.m2\repository\org\apache\httpcomponents\httpclient\4.3.6\httpclient-4.3.6.jar;C:\Users\cyntexa\.m2\repository\org\apache\httpcomponents\httpcore\4.3.3\httpcore-4.3.3.jar;C:\Users\cyntexa\.m2\repository\org\seleniumhq\selenium\selenium-firefox-driver\2.45.0\selenium-firefox-driver-2.45.0.jar;C:\Users\cyntexa\.m2\repository\commons-io\commons-io\2.4\commons-io-2.4.jar;C:\Users\cyntexa\.m2\repository\org\apache\commons\commons-exec\1.1\commons-exec-1.1.jar;C:\Users\cyntexa\.m2\repository\org\seleniumhq\selenium\selenium-ie-driver\2.45.0\selenium-ie-driver-2.45.0.jar;C:\Users\cyntexa\.m2\repository\net\java\dev\jna\jna\3.4.0\jna-3.4.0.jar;C:\Users\cyntexa\.m2\repository\net\java\dev\jna\platform\3.4.0\platform-3.4.0.jar;C:\Users\cyntexa\.m2\repository\org\seleniumhq\selenium\selenium-safari-driver\2.45.0\selenium-safari-driver-2.45.0.jar;C:\Users\cyntexa\.m2\repository\org\seleniumhq\selenium\selenium-support\2.45.0\selenium-support-2.45.0.jar;C:\Users\cyntexa\.m2\repository\org\webbitserver\webbit\0.4.14\webbit-0.4.14.jar;C:\Users\cyntexa\.m2\repository\io\netty\netty\3.5.2.Final\netty-3.5.2.Final.jar;C:\Users\cyntexa\.m2\repository\org\seleniumhq\selenium\selenium-leg-rc\2.45.0\selenium-leg-rc-2.45.0.jar;C:\Users\cyntexa\.m2\repository\org\testng\testng\6.8.8\testng-6.8.8.jar;C:\Users\cyntexa\.m2\repository\org\beanshell\bsh\2.0b4\bsh-2.0b4.jar;C:\Users\cyntexa\.m2\repository\com\beust\jcommander\1.27\jcommander-1.27.jar;C:\Users\cyntexa\.m2\repository\org\apache\maven\surefire\surefire-testng-utils\2.22.0\surefire-testng-utils-2.22.0.jar;C:\Users\cyntexa\.m2\repository\org\apache\maven\surefire\surefire-grouper\2.22.0\surefire-grouper-2.22.0.jar;"/>
    <property name="java.vm.vendor" value="Oracle Corporation"/>
    <property name="sun.arch.data.model" value="64"/>
    <property name="user.variant" value=""/>
    <property name="java.vendor.url" value="https://java.oracle.com/"/>
    <property name="user.timezone" value="Asia/Calcutta"/>
    <property name="os.name" value="Windows 10"/>
    <property name="java.vm.specification.version" value="15"/>
    <property name="sun.java.launcher" value="SUN_STANDARD"/>
    <property name="user.country" value="US"/>
    <property name="sun.boot.library.path" value="C:\Users\cyntexa\.p2\pool\plugins\org.eclipse.justj.openjdk.hotspot.jre.full.win32.x86_64_15.0.1.v20201027-0507\jre\bin"/>
    <property name="sun.java.command" value="C:\Users\cyntexa\AppData\Local\Temp\surefire15294095201519765996\surefirebooter1107349305679827829.jar C:\Users\cyntexa\AppData\Local\Temp\surefire15294095201519765996 2021-01-04T15-18-16_613-jvmRun1 surefire14252597208824258695tmp surefire_08228927148208465473tmp"/>
    <property name="jdk.debug" value="release"/>
    <property name="surefire.test.class.path" value="C:\Users\cyntexa\eclipse-workspace\WebdriverTest\target\test-classes;C:\Users\cyntexa\eclipse-workspace\WebdriverTest\target\classes;C:\Users\cyntexa\.m2\repository\junit\junit\3.8.1\junit-3.8.1.jar;C:\Users\cyntexa\.m2\repository\org\seleniumhq\selenium\selenium-java\2.45.0\selenium-java-2.45.0.jar;C:\Users\cyntexa\.m2\repository\org\seleniumhq\selenium\selenium-chrome-driver\2.45.0\selenium-chrome-driver-2.45.0.jar;C:\Users\cyntexa\.m2\repository\org\seleniumhq\selenium\selenium-remote-driver\2.45.0\selenium-remote-driver-2.45.0.jar;C:\Users\cyntexa\.m2\repository\cglib\cglib-nodep\2.1_3\cglib-nodep-2.1_3.jar;C:\Users\cyntexa\.m2\repository\com\google\code\gson\gson\2.3.1\gson-2.3.1.jar;C:\Users\cyntexa\.m2\repository\org\seleniumhq\selenium\selenium-api\2.45.0\selenium-api-2.45.0.jar;C:\Users\cyntexa\.m2\repository\com\google\guava\guava\18.0\guava-18.0.jar;C:\Users\cyntexa\.m2\repository\org\seleniumhq\selenium\selenium-htmlunit-driver\2.45.0\selenium-htmlunit-driver-2.45.0.jar;C:\Users\cyntexa\.m2\repository\net\sourceforge\htmlunit\htmlunit\2.15\htmlunit-2.15.jar;C:\Users\cyntexa\.m2\repository\xalan\xalan\2.7.1\xalan-2.7.1.jar;C:\Users\cyntexa\.m2\repository\xalan\serializer\2.7.1\serializer-2.7.1.jar;C:\Users\cyntexa\.m2\repository\commons-collections\commons-collections\3.2.1\commons-collections-3.2.1.jar;C:\Users\cyntexa\.m2\repository\org\apache\commons\commons-lang3\3.3.2\commons-lang3-3.3.2.jar;C:\Users\cyntexa\.m2\repository\org\apache\httpcomponents\httpmime\4.3.3\httpmime-4.3.3.jar;C:\Users\cyntexa\.m2\repository\commons-codec\commons-codec\1.9\commons-codec-1.9.jar;C:\Users\cyntexa\.m2\repository\net\sourceforge\htmlunit\htmlunit-core-js\2.15\htmlunit-core-js-2.15.jar;C:\Users\cyntexa\.m2\repository\xerces\xercesImpl\2.11.0\xercesImpl-2.11.0.jar;C:\Users\cyntexa\.m2\repository\xml-apis\xml-apis\1.4.01\xml-apis-1.4.01.jar;C:\Users\cyntexa\.m2\repository\net\sourceforge\nekohtml\nekohtml\1.9.21\nekohtml-1.9.21.jar;C:\Users\cyntexa\.m2\repository\net\sourceforge\cssparser\cssparser\0.9.14\cssparser-0.9.14.jar;C:\Users\cyntexa\.m2\repository\org\w3c\css\sac\1.3\sac-1.3.jar;C:\Users\cyntexa\.m2\repository\commons-logging\commons-logging\1.1.3\commons-logging-1.1.3.jar;C:\Users\cyntexa\.m2\repository\org\eclipse\jetty\jetty-websocket\8.1.15.v20140411\jetty-websocket-8.1.15.v20140411.jar;C:\Users\cyntexa\.m2\repository\org\eclipse\jetty\jetty-util\8.1.15.v20140411\jetty-util-8.1.15.v20140411.jar;C:\Users\cyntexa\.m2\repository\org\eclipse\jetty\jetty-io\8.1.15.v20140411\jetty-io-8.1.15.v20140411.jar;C:\Users\cyntexa\.m2\repository\org\eclipse\jetty\jetty-http\8.1.15.v20140411\jetty-http-8.1.15.v20140411.jar;C:\Users\cyntexa\.m2\repository\org\apache\httpcomponents\httpclient\4.3.6\httpclient-4.3.6.jar;C:\Users\cyntexa\.m2\repository\org\apache\httpcomponents\httpcore\4.3.3\httpcore-4.3.3.jar;C:\Users\cyntexa\.m2\repository\org\seleniumhq\selenium\selenium-firefox-driver\2.45.0\selenium-firefox-driver-2.45.0.jar;C:\Users\cyntexa\.m2\repository\commons-io\commons-io\2.4\commons-io-2.4.jar;C:\Users\cyntexa\.m2\repository\org\apache\commons\commons-exec\1.1\commons-exec-1.1.jar;C:\Users\cyntexa\.m2\repository\org\seleniumhq\selenium\selenium-ie-driver\2.45.0\selenium-ie-driver-2.45.0.jar;C:\Users\cyntexa\.m2\repository\net\java\dev\jna\jna\3.4.0\jna-3.4.0.jar;C:\Users\cyntexa\.m2\repository\net\java\dev\jna\platform\3.4.0\platform-3.4.0.jar;C:\Users\cyntexa\.m2\repository\org\seleniumhq\selenium\selenium-safari-driver\2.45.0\selenium-safari-driver-2.45.0.jar;C:\Users\cyntexa\.m2\repository\org\seleniumhq\selenium\selenium-support\2.45.0\selenium-support-2.45.0.jar;C:\Users\cyntexa\.m2\repository\org\webbitserver\webbit\0.4.14\webbit-0.4.14.jar;C:\Users\cyntexa\.m2\repository\io\netty\netty\3.5.2.Final\netty-3.5.2.Final.jar;C:\Users\cyntexa\.m2\repository\org\seleniumhq\selenium\selenium-leg-rc\2.45.0\selenium-leg-rc-2.45.0.jar;C:\Users\cyntexa\.m2\repository\org\testng\testng\6.8.8\testng-6.8.8.jar;C:\Users\cyntexa\.m2\repository\org\beanshell\bsh\2.0b4\bsh-2.0b4.jar;C:\Users\cyntexa\.m2\repository\com\beust\jcommander\1.27\jcommander-1.27.jar;C:\Users\cyntexa\.m2\repository\org\apache\maven\surefire\surefire-testng-utils\2.22.0\surefire-testng-utils-2.22.0.jar;C:\Users\cyntexa\.m2\repository\org\apache\maven\surefire\surefire-grouper\2.22.0\surefire-grouper-2.22.0.jar;"/>
    <property name="sun.cpu.endian" value="little"/>
    <property name="user.home" value="C:\Users\cyntexa"/>
    <property name="user.language" value="en"/>
    <property name="java.specification.vendor" value="Oracle Corporation"/>
    <property name="java.version.date" value="2020-10-20"/>
    <property name="java.home" value="C:\Users\cyntexa\.p2\pool\plugins\org.eclipse.justj.openjdk.hotspot.jre.full.win32.x86_64_15.0.1.v20201027-0507\jre"/>
    <property name="file.separator" value="\"/>
    <property name="basedir" value="C:\Users\cyntexa\eclipse-workspace\WebdriverTest"/>
    <property name="java.vm.compressedOopsMode" value="32-bit"/>
    <property name="line.separator" value="&#10;"/>
    <property name="java.vm.specification.vendor" value="Oracle Corporation"/>
    <property name="java.specification.name" value="Java Platform API Specification"/>
    <property name="surefire.real.class.path" value="C:\Users\cyntexa\AppData\Local\Temp\surefire15294095201519765996\surefirebooter1107349305679827829.jar"/>
    <property name="user.script" value=""/>
    <property name="sun.management.compiler" value="HotSpot 64-Bit Tiered Compilers"/>
    <property name="java.runtime.version" value="15.0.1+9-18"/>
    <property name="user.name" value="cyntexa"/>
    <property name="path.separator" value=";"/>
    <property name="os.version" value="10.0"/>
    <property name="java.runtime.name" value="OpenJDK Runtime Environment"/>
    <property name="file.encoding" value="Cp1252"/>
    <property name="java.vm.name" value="OpenJDK 64-Bit Server VM"/>
    <property name="localRepository" value="C:\Users\cyntexa\.m2\repository"/>
    <property name="java.vendor.url.bug" value="https://bugreport.java.com/bugreport/"/>
    <property name="java.io.tmpdir" value="C:\Users\cyntexa\AppData\Local\Temp\"/>
    <property name="java.version" value="15.0.1"/>
    <property name="user.dir" value="C:\Users\cyntexa\eclipse-workspace\WebdriverTest"/>
    <property name="os.arch" value="amd64"/>
    <property name="java.vm.specification.name" value="Java Virtual Machine Specification"/>
    <property name="sun.os.patch.level" value=""/>
    <property name="java.library.path" value="C:\Users\cyntexa\.p2\pool\plugins\org.eclipse.justj.openjdk.hotspot.jre.full.win32.x86_64_15.0.1.v20201027-0507\jre\bin;C:\WINDOWS\Sun\Java\bin;C:\WINDOWS\system32;C:\WINDOWS;C:/Users/cyntexa/.p2/pool/plugins/org.eclipse.justj.openjdk.hotspot.jre.full.win32.x86_64_15.0.1.v20201027-0507/jre/bin/server;C:/Users/cyntexa/.p2/pool/plugins/org.eclipse.justj.openjdk.hotspot.jre.full.win32.x86_64_15.0.1.v20201027-0507/jre/bin;C:\Python39\Scripts\;C:\Python39\;C:\Program Files (x86)\Common Files\Oracle\Java\javapath;C:\Program Files\Common Files\Oracle\Java\javapath;C:\WINDOWS\system32;C:\WINDOWS;C:\WINDOWS\System32\Wbem;C:\WINDOWS\System32\WindowsPowerShell\v1.0\;C:\WINDOWS\System32\OpenSSH\;C:\Program Files\Java\jdk1.8.0_271\bin;C:\Program Files\Git\bin;C:\Program Files\nodejs\;C:\ProgramData\chocolatey\bin;C:\Users\cyntexa\AppData\Local\Microsoft\WindowsApps;C:\Users\cyntexa\AppData\Roaming\npm;C:\Users\cyntexa\Desktop;;."/>
    <property name="java.vm.info" value="mixed mode"/>
    <property name="java.vendor" value="Oracle Corporation"/>
    <property name="java.vm.version" value="15.0.1+9-18"/>
    <property name="sun.io.unicode.encoding" value="UnicodeLittle"/>
    <property name="java.class.version" value="59.0"/>
  </properties>
  <testcase name="testEasy" classname="example.NewTest" time="5.787"/>
</testsuite>