<?xml version="1.0" encoding="UTF-8"?>
<!-- Generated by org.testng.reporters.JUnitReportReporter -->
<testsuite hostname="DESKTOP-R9OAOE4" failures="0" tests="1" name="example.NewTest" time="5.861" errors="0" timestamp="2021-01-04T15:13:48 IST" skipped="0">
  <testcase classname="example.NewTest" name="testEasy" time="5.861"/>
  <system-out/>
</testsuite> <!-- example.NewTest -->
