<?xml version="1.0" encoding="UTF-8"?>
<!-- Generated by org.testng.reporters.JUnitReportReporter -->
<testsuite hostname="DESKTOP-R9OAOE4" failures="0" tests="1" name="example.NewTest" time="5.786" errors="0" timestamp="4 Jan 2021 09:48:25 GMT">
  <testcase classname="example.NewTest" name="testEasy" time="5.786"/>
</testsuite> <!-- example.NewTest -->
